/home/users/mas296/micromamba/envs/ece661/lib/python3.9/site-packages/lightning_fabric/plugins/environments/slurm.py:204: The `srun` command is available on your system but is not used. HINT: If your intention is to run Lightning on SLURM, prepend your python command with `srun` like so: srun python train.py ...
Using 16bit Automatic Mixed Precision (AMP)
GPU available: True (cuda), used: True
TPU available: False, using: 0 TPU cores
HPU available: False, using: 0 HPUs
Initializing distributed: GLOBAL_RANK: 0, MEMBER: 1/4
Initializing distributed: GLOBAL_RANK: 2, MEMBER: 3/4
Initializing distributed: GLOBAL_RANK: 1, MEMBER: 2/4
Initializing distributed: GLOBAL_RANK: 3, MEMBER: 4/4
----------------------------------------------------------------------------------------------------
distributed_backend=nccl
All distributed processes registered. Starting with 4 processes
----------------------------------------------------------------------------------------------------

wandb: Using wandb-core as the SDK backend.  Please refer to https://wandb.me/wandb-core for more information.
wandb: Currently logged in as: michael-scutari (michael-scutari-duke-university). Use `wandb login --relogin` to force relogin
wandb: Tracking run with wandb version 0.18.7
wandb: Run data is saved locally in ./wandb/run-20241207_180534-xohkdiyb
wandb: Run `wandb offline` to turn off syncing.
wandb: Syncing run driven-butterfly-1
wandb: ⭐️ View project at https://wandb.ai/michael-scutari-duke-university/rerecycleGAN
wandb: 🚀 View run at https://wandb.ai/michael-scutari-duke-university/rerecycleGAN/runs/xohkdiyb
/var/lib/slurm/slurmd/job6820714/slurm_script: line 20: 3428917 Killed                  python train.py
slurmstepd: error: Detected 1 oom_kill event in StepId=6820714.batch. Some of the step tasks have been OOM Killed.
